<?xml version="1.0" encoding="UTF-8"?>
<!-- Generated by org.testng.reporters.JUnitReportReporter -->
<testsuite hostname="VSP-5CD151BBPQ" failures="0" tests="3" name="demoProject1.TestClass1" time="54.945" errors="0" timestamp="2023-02-01T14:20:18 IST" skipped="0">
  <testcase classname="demoProject1.TestClass1" name="Test2" time="16.347"/>
  <system-out/>
  <testcase classname="demoProject1.TestClass1" name="Test1" time="27.880"/>
  <system-out/>
  <testcase classname="demoProject1.TestClass1" name="Test3" time="10.718"/>
  <system-out/>
</testsuite> <!-- demoProject1.TestClass1 -->
